{
  "RSpec": {
    "coverage": {
      "/home/sak/Project/COSC480SE/Java_Academy/java_academy/app/controllers/lessons_controller.rb": [
        1,
        null,
        1,
        1,
        null,
        null,
        1,
        0,
        null,
        null,
        1,
        0,
        0,
        0,
        0,
        0,
        null,
        0,
        null,
        null,
        null,
        null,
        null,
        null
      ],
      "/home/sak/Project/COSC480SE/Java_Academy/java_academy/app/controllers/application_controller.rb": [
        1,
        null,
        null,
        1,
        null
      ],
      "/home/sak/Project/COSC480SE/Java_Academy/java_academy/app/helpers/application_helper.rb": [
        1,
        null
      ],
      "/home/sak/Project/COSC480SE/Java_Academy/java_academy/app/helpers/lessons_helper.rb": [
        1,
        1,
        1,
        null,
        1,
        null,
        null
      ],
      "/home/sak/Project/COSC480SE/Java_Academy/java_academy/app/helpers/users_helper.rb": [
        1,
        null
      ],
      "/home/sak/Project/COSC480SE/Java_Academy/java_academy/app/models/lesson.rb": [
        1,
        1,
        1,
        1,
        1,
        null,
        1,
        0,
        0,
        null,
        null,
        null,
        1,
        null,
        null,
        null,
        null,
        null,
        null,
        null,
        0,
        0,
        0,
        0,
        null,
        0,
        0,
        0,
        0,
        0,
        0,
        0,
        null,
        0,
        null,
        null,
        null,
        null,
        0,
        null,
        null,
        1,
        null,
        null,
        0,
        0,
        null,
        null,
        null,
        null,
        null,
        0,
        null,
        0,
        0,
        null,
        0,
        null,
        null,
        null,
        null,
        null
      ]
    },
    "timestamp": 1428111220
  },
  "Cucumber Features": {
    "coverage": {
      "/home/aguha/Java_Academy/java_academy/lib/tasks/cucumber.rake": [
        null,
        null,
        null,
        null,
        null,
        null,
        null,
        2,
        null,
        1,
        1,
        null,
        1,
        1,
        null,
        1,
        1,
        1,
        1,
        1,
        null,
        null,
        1,
        1,
        1,
        1,
        null,
        null,
        1,
        1,
        1,
        1,
        null,
        null,
        1,
        1,
        null,
        1,
        0,
        0,
        0,
        null,
        null,
        1,
        1,
        null,
        1,
        null,
        1,
        0,
        null,
        null,
        null,
        1,
        null,
        null,
        1,
        null,
        0,
        0,
        0,
        null,
        null,
        null,
        null
      ]
    },
    "timestamp": 1428104993
  }
}
