{
  "RSpec": {
    "coverage": {
      "/home/ndminh92/COSC480/Java_Academy/app/helpers/application_helper.rb": [
        1,
        null
      ],
      "/home/ndminh92/COSC480/Java_Academy/app/helpers/lessons_helper.rb": [
        1,
        1,
        1,
        null,
        1,
        null,
        null
      ],
      "/home/ndminh92/COSC480/Java_Academy/app/helpers/users_helper.rb": [
        1,
        null
      ],
      "/home/ndminh92/COSC480/Java_Academy/app/controllers/lessons_controller.rb": [
        1,
        null,
        1,
        1,
        null,
        null,
        1,
        2,
        null,
        null,
        1,
        2,
        2,
        2,
        1,
        null,
        1,
        null,
        null,
        null,
        null
      ],
      "/home/ndminh92/COSC480/Java_Academy/app/controllers/application_controller.rb": [
        1,
        null,
        null,
        1,
        null
      ],
      "/home/ndminh92/COSC480/Java_Academy/app/controllers/users_controller.rb": [
        1,
        null
      ],
      "/home/ndminh92/COSC480/Java_Academy/app/models/lesson.rb": [
        1,
        1,
        1,
        1,
        1,
        null,
        1,
        0,
        0,
        null,
        null,
        null,
        1,
        null,
        null,
        null,
        null,
        null,
        null,
        null,
        3,
        3,
        3,
        1,
        null,
        2,
        2,
        2,
        2,
        2,
        6,
        4,
        null,
        2,
        null,
        null,
        null,
        null,
        3,
        null,
        null,
        1,
        null,
        null,
        4,
        4,
        null,
        null,
        null,
        null,
        null,
        4,
        null,
        4,
        3,
        null,
        1,
        null,
        null,
        null,
        null,
        null
      ],
      "/home/ndminh92/COSC480/Java_Academy/app/models/record.rb": [
        1,
        1,
        1,
        1,
        null,
        null,
        null
      ],
      "/home/ndminh92/COSC480/Java_Academy/app/models/user.rb": [
        1,
        1,
        1,
        null,
        null,
        null
      ]
    },
    "timestamp": 1428935192
  },
  "Cucumber Features": {
    "coverage": {
      "/home/ndminh92/COSC480/Java_Academy/app/models/lesson.rb": [
        1,
        1,
        1,
        1,
        1,
        null,
        1,
        2,
        2,
        null,
        null,
        null,
        1,
        null,
        null,
        null,
        null,
        null,
        null,
        null,
        2,
        2,
        2,
        2,
        null,
        0,
        0,
        0,
        0,
        0,
        0,
        0,
        null,
        0,
        null,
        null,
        null,
        null,
        2,
        null,
        null,
        1,
        null,
        null,
        2,
        2,
        null,
        null,
        null,
        null,
        null,
        2,
        null,
        2,
        0,
        null,
        2,
        null,
        null,
        null,
        null,
        null
      ],
      "/home/ndminh92/COSC480/Java_Academy/app/controllers/lessons_controller.rb": [
        1,
        null,
        1,
        7,
        null,
        null,
        1,
        6,
        null,
        null,
        1,
        2,
        2,
        2,
        0,
        null,
        2,
        null,
        null,
        null,
        null
      ],
      "/home/ndminh92/COSC480/Java_Academy/app/controllers/application_controller.rb": [
        1,
        null,
        null,
        1,
        null
      ],
      "/home/ndminh92/COSC480/Java_Academy/app/helpers/application_helper.rb": [
        1,
        null
      ],
      "/home/ndminh92/COSC480/Java_Academy/app/helpers/lessons_helper.rb": [
        1,
        1,
        1,
        null,
        1,
        null,
        null
      ],
      "/home/ndminh92/COSC480/Java_Academy/app/helpers/users_helper.rb": [
        1,
        null
      ]
    },
    "timestamp": 1428935207
  }
}
